# JRE version: OpenJDK Runtime Environment Temurin-17.0.1+12 (17.0.1+12) (build 17.0.1+12)
# Java VM: OpenJDK 64-Bit Server VM Temurin-17.0.1+12 (17.0.1+12, mixed mode, sharing, tiered, compressed oops, compressed class ptrs, g1 gc, windows-amd64)
GC Precious Log:
 CPUs: 2 total, 2 available
 Memory: 3973M
 Large Page Support: Disabled
 NUMA Support: Disabled
 Compressed Oops: Enabled (32-bit)
 Heap Region Size: 1M
 Heap Min Capacity: 8M
 Heap Initial Capacity: 64M
 Heap Max Capacity: 994M
 Pre-touch: Disabled
 Parallel Workers: 2
 Concurrent Workers: 1
 Concurrent Refinement Workers: 2
 Periodic GC: Disabled
Heap:
 garbage-first heap   total 65536K, used 22617K [0x00000000c1e00000, 0x0000000100000000)
  region size 1024K, 1 young (1024K), 1 survivors (1024K)
 Metaspace       used 34073K, committed 34368K, reserved 1081344K
  class space    used 4451K, committed 4608K, reserved 1048576K
GC Heap History (20 events):
Event: 36.687 GC heap after
{Heap after GC invocations=8 (full 0):
 garbage-first heap   total 65536K, used 14360K [0x00000000c1e00000, 0x0000000100000000)
  region size 1024K, 3 young (3072K), 3 survivors (3072K)
 Metaspace       used 20831K, committed 21056K, reserved 1073152K
  class space    used 2634K, committed 2752K, reserved 1048576K
}
Event: 39.639 GC heap before
{Heap before GC invocations=8 (full 0):
 garbage-first heap   total 65536K, used 19480K [0x00000000c1e00000, 0x0000000100000000)
  region size 1024K, 9 young (9216K), 3 survivors (3072K)
 Metaspace       used 21240K, committed 21504K, reserved 1073152K
  class space    used 2680K, committed 2816K, reserved 1048576K
}
Event: 39.657 GC heap after
{Heap after GC invocations=9 (full 0):
 garbage-first heap   total 65536K, used 14234K [0x00000000c1e00000, 0x0000000100000000)
  region size 1024K, 3 young (3072K), 3 survivors (3072K)
 Metaspace       used 21240K, committed 21504K, reserved 1073152K
  class space    used 2680K, committed 2816K, reserved 1048576K
}
Event: 53.711 GC heap before
{Heap before GC invocations=10 (full 0):
 garbage-first heap   total 55296K, used 42906K [0x00000000c1e00000, 0x0000000100000000)
  region size 1024K, 32 young (32768K), 3 survivors (3072K)
 Metaspace       used 24879K, committed 25152K, reserved 1073152K
  class space    used 3280K, committed 3392K, reserved 1048576K
}
Event: 53.736 GC heap after
{Heap after GC invocations=11 (full 0):
 garbage-first heap   total 55296K, used 15743K [0x00000000c1e00000, 0x0000000100000000)
  region size 1024K, 3 young (3072K), 3 survivors (3072K)
 Metaspace       used 24879K, committed 25152K, reserved 1073152K
  class space    used 3280K, committed 3392K, reserved 1048576K
}
Event: 67.112 GC heap before
{Heap before GC invocations=11 (full 0):
 garbage-first heap   total 55296K, used 41343K [0x00000000c1e00000, 0x0000000100000000)
  region size 1024K, 28 young (28672K), 3 survivors (3072K)
 Metaspace       used 29078K, committed 29376K, reserved 1081344K
  class space    used 3868K, committed 4032K, reserved 1048576K
}
Event: 67.139 GC heap after
{Heap after GC invocations=12 (full 0):
 garbage-first heap   total 55296K, used 18046K [0x00000000c1e00000, 0x0000000100000000)
  region size 1024K, 4 young (4096K), 4 survivors (4096K)
 Metaspace       used 29078K, committed 29376K, reserved 1081344K
  class space    used 3868K, committed 4032K, reserved 1048576K
}
Event: 71.935 GC heap before
{Heap before GC invocations=12 (full 0):
 garbage-first heap   total 55296K, used 42622K [0x00000000c1e00000, 0x0000000100000000)
  region size 1024K, 28 young (28672K), 4 survivors (4096K)
 Metaspace       used 32795K, committed 33152K, reserved 1081344K
  class space    used 4299K, committed 4480K, reserved 1048576K
}
Event: 71.970 GC heap after
{Heap after GC invocations=13 (full 0):
 garbage-first heap   total 55296K, used 20974K [0x00000000c1e00000, 0x0000000100000000)
  region size 1024K, 3 young (3072K), 3 survivors (3072K)
 Metaspace       used 32795K, committed 33152K, reserved 1081344K
  class space    used 4299K, committed 4480K, reserved 1048576K
}
Event: 72.220 GC heap before
{Heap before GC invocations=13 (full 0):
 garbage-first heap   total 55296K, used 41454K [0x00000000c1e00000, 0x0000000100000000)
  region size 1024K, 24 young (24576K), 3 survivors (3072K)
 Metaspace       used 32807K, committed 33152K, reserved 1081344K
  class space    used 4300K, committed 4480K, reserved 1048576K
}
Event: 72.236 GC heap after
{Heap after GC invocations=14 (full 0):
 garbage-first heap   total 55296K, used 22388K [0x00000000c1e00000, 0x0000000100000000)
  region size 1024K, 3 young (3072K), 3 survivors (3072K)
 Metaspace       used 32807K, committed 33152K, reserved 1081344K
  class space    used 4300K, committed 4480K, reserved 1048576K
}
Event: 72.287 GC heap before
{Heap before GC invocations=14 (full 0):
 garbage-first heap   total 55296K, used 40820K [0x00000000c1e00000, 0x0000000100000000)
  region size 1024K, 22 young (22528K), 3 survivors (3072K)
 Metaspace       used 32808K, committed 33152K, reserved 1081344K
  class space    used 4300K, committed 4480K, reserved 1048576K
}
Event: 72.298 GC heap after
{Heap after GC invocations=15 (full 0):
 garbage-first heap   total 55296K, used 22277K [0x00000000c1e00000, 0x0000000100000000)
  region size 1024K, 1 young (1024K), 1 survivors (1024K)
 Metaspace       used 32808K, committed 33152K, reserved 1081344K
  class space    used 4300K, committed 4480K, reserved 1048576K
}
Event: 72.316 GC heap before
{Heap before GC invocations=15 (full 0):
 garbage-first heap   total 55296K, used 41733K [0x00000000c1e00000, 0x0000000100000000)
  region size 1024K, 21 young (21504K), 1 survivors (1024K)
 Metaspace       used 32808K, committed 33152K, reserved 1081344K
  class space    used 4300K, committed 4480K, reserved 1048576K
}
Event: 72.318 GC heap after
{Heap after GC invocations=16 (full 0):
 garbage-first heap   total 55296K, used 22258K [0x00000000c1e00000, 0x0000000100000000)
  region size 1024K, 1 young (1024K), 1 survivors (1024K)
 Metaspace       used 32808K, committed 33152K, reserved 1081344K
  class space    used 4300K, committed 4480K, reserved 1048576K
}
Event: 73.508 GC heap before
{Heap before GC invocations=16 (full 0):
 garbage-first heap   total 55296K, used 42738K [0x00000000c1e00000, 0x0000000100000000)
  region size 1024K, 22 young (22528K), 1 survivors (1024K)
 Metaspace       used 33360K, committed 33728K, reserved 1081344K
  class space    used 4351K, committed 4544K, reserved 1048576K
}
Event: 73.513 GC heap after
{Heap after GC invocations=17 (full 0):
 garbage-first heap   total 55296K, used 22406K [0x00000000c1e00000, 0x0000000100000000)
  region size 1024K, 1 young (1024K), 1 survivors (1024K)
 Metaspace       used 33360K, committed 33728K, reserved 1081344K
  class space    used 4351K, committed 4544K, reserved 1048576K
}
Event: 73.524 GC heap before
{Heap before GC invocations=17 (full 0):
 garbage-first heap   total 55296K, used 42886K [0x00000000c1e00000, 0x0000000100000000)
  region size 1024K, 22 young (22528K), 1 survivors (1024K)
 Metaspace       used 33360K, committed 33728K, reserved 1081344K
  class space    used 4351K, committed 4544K, reserved 1048576K
}
Event: 73.526 GC heap after
{Heap after GC invocations=18 (full 0):
 garbage-first heap   total 55296K, used 22427K [0x00000000c1e00000, 0x0000000100000000)
  region size 1024K, 1 young (1024K), 1 survivors (1024K)
 Metaspace       used 33360K, committed 33728K, reserved 1081344K
  class space    used 4351K, committed 4544K, reserved 1048576K
}
Event: 74.826 GC heap before
{Heap before GC invocations=18 (full 0):
 garbage-first heap   total 55296K, used 43931K [0x00000000c1e00000, 0x0000000100000000)
  region size 1024K, 23 young (23552K), 1 survivors (1024K)
 Metaspace       used 34073K, committed 34368K, reserved 1081344K
  class space    used 4451K, committed 4608K, reserved 1048576K
}

