# JRE version: OpenJDK Runtime Environment Temurin-17.0.1+12 (17.0.1+12) (build 17.0.1+12)
# Java VM: OpenJDK 64-Bit Server VM Temurin-17.0.1+12 (17.0.1+12, mixed mode, emulated-client, sharing, tiered, compressed oops, compressed class ptrs, g1 gc, windows-amd64)
GC Precious Log:
 CPUs: 2 total, 2 available
 Memory: 3973M
 Large Page Support: Disabled
 NUMA Support: Disabled
 Compressed Oops: Enabled (32-bit)
 Heap Region Size: 1M
 Heap Min Capacity: 8M
 Heap Initial Capacity: 64M
 Heap Max Capacity: 994M
 Pre-touch: Disabled
 Parallel Workers: 2
 Concurrent Workers: 1
 Concurrent Refinement Workers: 2
 Periodic GC: Disabled
Heap:
 garbage-first heap   total 71680K, used 25139K [0x00000000c1e00000, 0x0000000100000000)
  region size 1024K, 5 young (5120K), 5 survivors (5120K)
 Metaspace       used 50676K, committed 51264K, reserved 1097728K
  class space    used 6934K, committed 7232K, reserved 1048576K
GC Heap History (20 events):
Event: 500.949 GC heap after
{Heap after GC invocations=29 (full 3):
 garbage-first heap   total 71680K, used 22572K [0x00000000c1e00000, 0x0000000100000000)
  region size 1024K, 3 young (3072K), 3 survivors (3072K)
 Metaspace       used 49830K, committed 50304K, reserved 1097728K
  class space    used 6840K, committed 7104K, reserved 1048576K
}
Event: 500.987 GC heap before
{Heap before GC invocations=29 (full 3):
 garbage-first heap   total 71680K, used 54316K [0x00000000c1e00000, 0x0000000100000000)
  region size 1024K, 35 young (35840K), 3 survivors (3072K)
 Metaspace       used 49830K, committed 50304K, reserved 1097728K
  class space    used 6840K, committed 7104K, reserved 1048576K
}
Event: 500.996 GC heap after
{Heap after GC invocations=30 (full 3):
 garbage-first heap   total 71680K, used 22601K [0x00000000c1e00000, 0x0000000100000000)
  region size 1024K, 3 young (3072K), 3 survivors (3072K)
 Metaspace       used 49830K, committed 50304K, reserved 1097728K
  class space    used 6840K, committed 7104K, reserved 1048576K
}
Event: 506.047 GC heap before
{Heap before GC invocations=30 (full 3):
 garbage-first heap   total 71680K, used 55369K [0x00000000c1e00000, 0x0000000100000000)
  region size 1024K, 36 young (36864K), 3 survivors (3072K)
 Metaspace       used 50095K, committed 50560K, reserved 1097728K
  class space    used 6867K, committed 7104K, reserved 1048576K
}
Event: 506.312 GC heap after
{Heap after GC invocations=31 (full 3):
 garbage-first heap   total 71680K, used 25230K [0x00000000c1e00000, 0x0000000100000000)
  region size 1024K, 5 young (5120K), 5 survivors (5120K)
 Metaspace       used 50095K, committed 50560K, reserved 1097728K
  class space    used 6867K, committed 7104K, reserved 1048576K
}
Event: 515.242 GC heap before
{Heap before GC invocations=31 (full 3):
 garbage-first heap   total 71680K, used 28302K [0x00000000c1e00000, 0x0000000100000000)
  region size 1024K, 9 young (9216K), 5 survivors (5120K)
 Metaspace       used 50116K, committed 50560K, reserved 1097728K
  class space    used 6874K, committed 7104K, reserved 1048576K
}
Event: 515.365 GC heap after
{Heap after GC invocations=32 (full 4):
 garbage-first heap   total 71680K, used 20628K [0x00000000c1e00000, 0x0000000100000000)
  region size 1024K, 0 young (0K), 0 survivors (0K)
 Metaspace       used 50113K, committed 50560K, reserved 1097728K
  class space    used 6874K, committed 7104K, reserved 1048576K
}
Event: 517.692 GC heap before
{Heap before GC invocations=32 (full 4):
 garbage-first heap   total 71680K, used 55444K [0x00000000c1e00000, 0x0000000100000000)
  region size 1024K, 35 young (35840K), 0 survivors (0K)
 Metaspace       used 50133K, committed 50688K, reserved 1097728K
  class space    used 6878K, committed 7168K, reserved 1048576K
}
Event: 517.703 GC heap after
{Heap after GC invocations=33 (full 4):
 garbage-first heap   total 71680K, used 23040K [0x00000000c1e00000, 0x0000000100000000)
  region size 1024K, 3 young (3072K), 3 survivors (3072K)
 Metaspace       used 50133K, committed 50688K, reserved 1097728K
  class space    used 6878K, committed 7168K, reserved 1048576K
}
Event: 517.830 GC heap before
{Heap before GC invocations=33 (full 4):
 garbage-first heap   total 71680K, used 54784K [0x00000000c1e00000, 0x0000000100000000)
  region size 1024K, 35 young (35840K), 3 survivors (3072K)
 Metaspace       used 50133K, committed 50688K, reserved 1097728K
  class space    used 6878K, committed 7168K, reserved 1048576K
}
Event: 517.840 GC heap after
{Heap after GC invocations=34 (full 4):
 garbage-first heap   total 71680K, used 23201K [0x00000000c1e00000, 0x0000000100000000)
  region size 1024K, 3 young (3072K), 3 survivors (3072K)
 Metaspace       used 50133K, committed 50688K, reserved 1097728K
  class space    used 6878K, committed 7168K, reserved 1048576K
}
Event: 549.124 GC heap before
{Heap before GC invocations=34 (full 4):
 garbage-first heap   total 71680K, used 55969K [0x00000000c1e00000, 0x0000000100000000)
  region size 1024K, 36 young (36864K), 3 survivors (3072K)
 Metaspace       used 50359K, committed 50880K, reserved 1097728K
  class space    used 6896K, committed 7168K, reserved 1048576K
}
Event: 549.257 GC heap after
{Heap after GC invocations=35 (full 4):
 garbage-first heap   total 71680K, used 25201K [0x00000000c1e00000, 0x0000000100000000)
  region size 1024K, 5 young (5120K), 5 survivors (5120K)
 Metaspace       used 50359K, committed 50880K, reserved 1097728K
  class space    used 6896K, committed 7168K, reserved 1048576K
}
Event: 722.620 GC heap before
{Heap before GC invocations=35 (full 4):
 garbage-first heap   total 71680K, used 32369K [0x00000000c1e00000, 0x0000000100000000)
  region size 1024K, 13 young (13312K), 5 survivors (5120K)
 Metaspace       used 50397K, committed 50944K, reserved 1097728K
  class space    used 6904K, committed 7168K, reserved 1048576K
}
Event: 722.764 GC heap after
{Heap after GC invocations=36 (full 5):
 garbage-first heap   total 71680K, used 20572K [0x00000000c1e00000, 0x0000000100000000)
  region size 1024K, 0 young (0K), 0 survivors (0K)
 Metaspace       used 50394K, committed 50944K, reserved 1097728K
  class space    used 6903K, committed 7168K, reserved 1048576K
}
Event: 732.533 GC heap before
{Heap before GC invocations=36 (full 5):
 garbage-first heap   total 71680K, used 55388K [0x00000000c1e00000, 0x0000000100000000)
  region size 1024K, 35 young (35840K), 0 survivors (0K)
 Metaspace       used 50441K, committed 50944K, reserved 1097728K
  class space    used 6913K, committed 7168K, reserved 1048576K
}
Event: 732.543 GC heap after
{Heap after GC invocations=37 (full 5):
 garbage-first heap   total 71680K, used 23329K [0x00000000c1e00000, 0x0000000100000000)
  region size 1024K, 3 young (3072K), 3 survivors (3072K)
 Metaspace       used 50441K, committed 50944K, reserved 1097728K
  class space    used 6913K, committed 7168K, reserved 1048576K
}
Event: 732.668 GC heap before
{Heap before GC invocations=37 (full 5):
 garbage-first heap   total 71680K, used 55073K [0x00000000c1e00000, 0x0000000100000000)
  region size 1024K, 35 young (35840K), 3 survivors (3072K)
 Metaspace       used 50441K, committed 50944K, reserved 1097728K
  class space    used 6913K, committed 7168K, reserved 1048576K
}
Event: 732.677 GC heap after
{Heap after GC invocations=38 (full 5):
 garbage-first heap   total 71680K, used 23136K [0x00000000c1e00000, 0x0000000100000000)
  region size 1024K, 3 young (3072K), 3 survivors (3072K)
 Metaspace       used 50441K, committed 50944K, reserved 1097728K
  class space    used 6913K, committed 7168K, reserved 1048576K
}
Event: 759.506 GC heap before
{Heap before GC invocations=38 (full 5):
 garbage-first heap   total 71680K, used 55904K [0x00000000c1e00000, 0x0000000100000000)
  region size 1024K, 36 young (36864K), 3 survivors (3072K)
 Metaspace       used 50676K, committed 51264K, reserved 1097728K
  class space    used 6934K, committed 7232K, reserved 1048576K
}

